Analysis & Synthesis report for EDA2
Sun Dec 31 16:12:07 2017
Quartus II 64-Bit Version 13.0.0 Build 156 04/24/2013 SJ Full Version


---------------------
; Table of Contents ;
---------------------
  1. Legal Notice
  2. Analysis & Synthesis Summary
  3. Analysis & Synthesis Settings
  4. Parallel Compilation
  5. Analysis & Synthesis Source Files Read
  6. Analysis & Synthesis Resource Usage Summary
  7. Analysis & Synthesis Resource Utilization by Entity
  8. State Machine - |EDA2|state_machine:inst|current_state
  9. State Machine - |EDA2|display:inst2|current_state
 10. State Machine - |EDA2|keyboard:inst22|current_state
 11. Registers Removed During Synthesis
 12. Removed Registers Triggering Further Register Optimizations
 13. General Register Statistics
 14. Multiplexer Restructuring Statistics (Restructuring Performed)
 15. Parameter Settings for User Entity Instance: keyboard:inst22
 16. Parameter Settings for User Entity Instance: display:inst2
 17. Parameter Settings for User Entity Instance: state_machine:inst
 18. Elapsed Time Per Partition
 19. Analysis & Synthesis Messages



----------------
; Legal Notice ;
----------------
Copyright (C) 1991-2013 Altera Corporation
Your use of Altera Corporation's design tools, logic functions 
and other software and tools, and its AMPP partner logic 
functions, and any output files from any of the foregoing 
(including device programming or simulation files), and any 
associated documentation or information are expressly subject 
to the terms and conditions of the Altera Program License 
Subscription Agreement, Altera MegaCore Function License 
Agreement, or other applicable license agreement, including, 
without limitation, that your use is for the sole purpose of 
programming logic devices manufactured by Altera and sold by 
Altera or its authorized distributors.  Please refer to the 
applicable agreement for further details.



+----------------------------------------------------------------------------------+
; Analysis & Synthesis Summary                                                     ;
+------------------------------------+---------------------------------------------+
; Analysis & Synthesis Status        ; Successful - Sun Dec 31 16:12:07 2017       ;
; Quartus II 64-Bit Version          ; 13.0.0 Build 156 04/24/2013 SJ Full Version ;
; Revision Name                      ; EDA2                                        ;
; Top-level Entity Name              ; EDA2                                        ;
; Family                             ; Cyclone II                                  ;
; Total logic elements               ; 22                                          ;
;     Total combinational functions  ; 20                                          ;
;     Dedicated logic registers      ; 22                                          ;
; Total registers                    ; 22                                          ;
; Total pins                         ; 20                                          ;
; Total virtual pins                 ; 0                                           ;
; Total memory bits                  ; 0                                           ;
; Embedded Multiplier 9-bit elements ; 0                                           ;
; Total PLLs                         ; 0                                           ;
+------------------------------------+---------------------------------------------+


+----------------------------------------------------------------------------------------------------------------------+
; Analysis & Synthesis Settings                                                                                        ;
+----------------------------------------------------------------------------+--------------------+--------------------+
; Option                                                                     ; Setting            ; Default Value      ;
+----------------------------------------------------------------------------+--------------------+--------------------+
; Device                                                                     ; EP2C5Q208C8        ;                    ;
; Top-level entity name                                                      ; EDA2               ; EDA2               ;
; Family name                                                                ; Cyclone II         ; Cyclone IV GX      ;
; Use smart compilation                                                      ; Off                ; Off                ;
; Enable parallel Assembler and TimeQuest Timing Analyzer during compilation ; On                 ; On                 ;
; Enable compact report table                                                ; Off                ; Off                ;
; Restructure Multiplexers                                                   ; Auto               ; Auto               ;
; Create Debugging Nodes for IP Cores                                        ; Off                ; Off                ;
; Preserve fewer node names                                                  ; On                 ; On                 ;
; Disable OpenCore Plus hardware evaluation                                  ; Off                ; Off                ;
; Verilog Version                                                            ; Verilog_2001       ; Verilog_2001       ;
; VHDL Version                                                               ; VHDL_1993          ; VHDL_1993          ;
; State Machine Processing                                                   ; Auto               ; Auto               ;
; Safe State Machine                                                         ; Off                ; Off                ;
; Extract Verilog State Machines                                             ; On                 ; On                 ;
; Extract VHDL State Machines                                                ; On                 ; On                 ;
; Ignore Verilog initial constructs                                          ; Off                ; Off                ;
; Iteration limit for constant Verilog loops                                 ; 5000               ; 5000               ;
; Iteration limit for non-constant Verilog loops                             ; 250                ; 250                ;
; Add Pass-Through Logic to Inferred RAMs                                    ; On                 ; On                 ;
; Infer RAMs from Raw Logic                                                  ; On                 ; On                 ;
; Parallel Synthesis                                                         ; On                 ; On                 ;
; DSP Block Balancing                                                        ; Auto               ; Auto               ;
; NOT Gate Push-Back                                                         ; On                 ; On                 ;
; Power-Up Don't Care                                                        ; On                 ; On                 ;
; Remove Redundant Logic Cells                                               ; Off                ; Off                ;
; Remove Duplicate Registers                                                 ; On                 ; On                 ;
; Ignore CARRY Buffers                                                       ; Off                ; Off                ;
; Ignore CASCADE Buffers                                                     ; Off                ; Off                ;
; Ignore GLOBAL Buffers                                                      ; Off                ; Off                ;
; Ignore ROW GLOBAL Buffers                                                  ; Off                ; Off                ;
; Ignore LCELL Buffers                                                       ; Off                ; Off                ;
; Ignore SOFT Buffers                                                        ; On                 ; On                 ;
; Limit AHDL Integers to 32 Bits                                             ; Off                ; Off                ;
; Optimization Technique                                                     ; Balanced           ; Balanced           ;
; Carry Chain Length                                                         ; 70                 ; 70                 ;
; Auto Carry Chains                                                          ; On                 ; On                 ;
; Auto Open-Drain Pins                                                       ; On                 ; On                 ;
; Perform WYSIWYG Primitive Resynthesis                                      ; Off                ; Off                ;
; Auto ROM Replacement                                                       ; On                 ; On                 ;
; Auto RAM Replacement                                                       ; On                 ; On                 ;
; Auto Shift Register Replacement                                            ; Auto               ; Auto               ;
; Allow Shift Register Merging across Hierarchies                            ; Auto               ; Auto               ;
; Auto Clock Enable Replacement                                              ; On                 ; On                 ;
; Strict RAM Replacement                                                     ; Off                ; Off                ;
; Allow Synchronous Control Signals                                          ; On                 ; On                 ;
; Force Use of Synchronous Clear Signals                                     ; Off                ; Off                ;
; Auto RAM to Logic Cell Conversion                                          ; Off                ; Off                ;
; Auto Resource Sharing                                                      ; Off                ; Off                ;
; Allow Any RAM Size For Recognition                                         ; Off                ; Off                ;
; Allow Any ROM Size For Recognition                                         ; Off                ; Off                ;
; Allow Any Shift Register Size For Recognition                              ; Off                ; Off                ;
; Use LogicLock Constraints during Resource Balancing                        ; On                 ; On                 ;
; Ignore translate_off and synthesis_off directives                          ; Off                ; Off                ;
; Timing-Driven Synthesis                                                    ; Off                ; Off                ;
; Report Parameter Settings                                                  ; On                 ; On                 ;
; Report Source Assignments                                                  ; On                 ; On                 ;
; Report Connectivity Checks                                                 ; On                 ; On                 ;
; Ignore Maximum Fan-Out Assignments                                         ; Off                ; Off                ;
; Synchronization Register Chain Length                                      ; 2                  ; 2                  ;
; PowerPlay Power Optimization                                               ; Normal compilation ; Normal compilation ;
; HDL message level                                                          ; Level2             ; Level2             ;
; Suppress Register Optimization Related Messages                            ; Off                ; Off                ;
; Number of Removed Registers Reported in Synthesis Report                   ; 5000               ; 5000               ;
; Number of Swept Nodes Reported in Synthesis Report                         ; 5000               ; 5000               ;
; Number of Inverted Registers Reported in Synthesis Report                  ; 100                ; 100                ;
; Clock MUX Protection                                                       ; On                 ; On                 ;
; Auto Gated Clock Conversion                                                ; Off                ; Off                ;
; Block Design Naming                                                        ; Auto               ; Auto               ;
; SDC constraint protection                                                  ; Off                ; Off                ;
; Synthesis Effort                                                           ; Auto               ; Auto               ;
; Shift Register Replacement - Allow Asynchronous Clear Signal               ; On                 ; On                 ;
; Pre-Mapping Resynthesis Optimization                                       ; Off                ; Off                ;
; Analysis & Synthesis Message Level                                         ; Medium             ; Medium             ;
; Disable Register Merging Across Hierarchies                                ; Auto               ; Auto               ;
; Resource Aware Inference For Block RAM                                     ; On                 ; On                 ;
; Synthesis Seed                                                             ; 1                  ; 1                  ;
+----------------------------------------------------------------------------+--------------------+--------------------+


+------------------------------------------+
; Parallel Compilation                     ;
+----------------------------+-------------+
; Processors                 ; Number      ;
+----------------------------+-------------+
; Number detected on machine ; 8           ;
; Maximum allowed            ; 4           ;
;                            ;             ;
; Average used               ; 1.00        ;
; Maximum used               ; 1           ;
;                            ;             ;
; Usage by Processor         ; % Time Used ;
;     Processor 1            ; 100.0%      ;
;     Processors 2-8         ;   0.0%      ;
+----------------------------+-------------+


+----------------------------------------------------------------------------------------------------------------------------------------------+
; Analysis & Synthesis Source Files Read                                                                                                       ;
+----------------------------------+-----------------+------------------------------------+------------------------------------------+---------+
; File Name with User-Entered Path ; Used in Netlist ; File Type                          ; File Name with Absolute Path             ; Library ;
+----------------------------------+-----------------+------------------------------------+------------------------------------------+---------+
; EDA2.bdf                         ; yes             ; User Block Diagram/Schematic File  ; F:/Quartus II/EDA2_FINAL/EDA2.bdf        ;         ;
; keyboard.v                       ; yes             ; User Verilog HDL File              ; F:/Quartus II/EDA2_FINAL/keyboard.v      ;         ;
; state_machine.v                  ; yes             ; User Verilog HDL File              ; F:/Quartus II/EDA2_FINAL/state_machine.v ;         ;
; display.v                        ; yes             ; User Verilog HDL File              ; F:/Quartus II/EDA2_FINAL/display.v       ;         ;
+----------------------------------+-----------------+------------------------------------+------------------------------------------+---------+


+-----------------------------------------------------+
; Analysis & Synthesis Resource Usage Summary         ;
+---------------------------------------------+-------+
; Resource                                    ; Usage ;
+---------------------------------------------+-------+
; Estimated Total logic elements              ; 22    ;
;                                             ;       ;
; Total combinational functions               ; 20    ;
; Logic element usage by number of LUT inputs ;       ;
;     -- 4 input functions                    ; 0     ;
;     -- 3 input functions                    ; 1     ;
;     -- <=2 input functions                  ; 19    ;
;                                             ;       ;
; Logic elements by mode                      ;       ;
;     -- normal mode                          ; 4     ;
;     -- arithmetic mode                      ; 16    ;
;                                             ;       ;
; Total registers                             ; 22    ;
;     -- Dedicated logic registers            ; 22    ;
;     -- I/O registers                        ; 0     ;
;                                             ;       ;
; I/O pins                                    ; 20    ;
; Embedded Multiplier 9-bit elements          ; 0     ;
; Maximum fan-out node                        ; clk   ;
; Maximum fan-out                             ; 18    ;
; Total fan-out                               ; 85    ;
; Average fan-out                             ; 1.37  ;
+---------------------------------------------+-------+


+----------------------------------------------------------------------------------------------------------------------------------------------------------------------------------+
; Analysis & Synthesis Resource Utilization by Entity                                                                                                                              ;
+----------------------------+-------------------+--------------+-------------+--------------+---------+-----------+------+--------------+--------------------------+--------------+
; Compilation Hierarchy Node ; LC Combinationals ; LC Registers ; Memory Bits ; DSP Elements ; DSP 9x9 ; DSP 18x18 ; Pins ; Virtual Pins ; Full Hierarchy Name      ; Library Name ;
+----------------------------+-------------------+--------------+-------------+--------------+---------+-----------+------+--------------+--------------------------+--------------+
; |EDA2                      ; 20 (0)            ; 22 (0)       ; 0           ; 0            ; 0       ; 0         ; 20   ; 0            ; |EDA2                    ;              ;
;    |display:inst2|         ; 2 (2)             ; 4 (4)        ; 0           ; 0            ; 0       ; 0         ; 0    ; 0            ; |EDA2|display:inst2      ;              ;
;    |state_machine:inst|    ; 18 (18)           ; 18 (18)      ; 0           ; 0            ; 0       ; 0         ; 0    ; 0            ; |EDA2|state_machine:inst ;              ;
+----------------------------+-------------------+--------------+-------------+--------------+---------+-----------+------+--------------+--------------------------+--------------+
Note: For table entries with two numbers listed, the numbers in parentheses indicate the number of resources of the given type used by the specific entity alone. The numbers listed outside of parentheses indicate the total resources of the given type used by the specific entity and all of its sub-entities in the hierarchy.


Encoding Type:  One-Hot
+------------------------------------------------------------------------------------------------------------------------------------+
; State Machine - |EDA2|state_machine:inst|current_state                                                                             ;
+-----------------------+-------------------+-------------------+---------------------+-----------------------+----------------------+
; Name                  ; current_state.TWO ; current_state.ONE ; current_state.START ; current_state.INITIAL ; current_state.CHARGE ;
+-----------------------+-------------------+-------------------+---------------------+-----------------------+----------------------+
; current_state.INITIAL ; 0                 ; 0                 ; 0                   ; 0                     ; 0                    ;
; current_state.START   ; 0                 ; 0                 ; 1                   ; 1                     ; 0                    ;
; current_state.ONE     ; 0                 ; 1                 ; 0                   ; 1                     ; 0                    ;
; current_state.TWO     ; 1                 ; 0                 ; 0                   ; 1                     ; 0                    ;
; current_state.CHARGE  ; 0                 ; 0                 ; 0                   ; 1                     ; 1                    ;
+-----------------------+-------------------+-------------------+---------------------+-----------------------+----------------------+


Encoding Type:  One-Hot
+-------------------------------------------------------------------------------------------------------------+
; State Machine - |EDA2|display:inst2|current_state                                                           ;
+---------------------+---------------------+---------------------+---------------------+---------------------+
; Name                ; current_state.DISP3 ; current_state.DISP2 ; current_state.DISP1 ; current_state.DISP0 ;
+---------------------+---------------------+---------------------+---------------------+---------------------+
; current_state.DISP0 ; 0                   ; 0                   ; 0                   ; 0                   ;
; current_state.DISP1 ; 0                   ; 0                   ; 1                   ; 1                   ;
; current_state.DISP2 ; 0                   ; 1                   ; 0                   ; 1                   ;
; current_state.DISP3 ; 1                   ; 0                   ; 0                   ; 1                   ;
+---------------------+---------------------+---------------------+---------------------+---------------------+


Encoding Type:  One-Hot
+-------------------------------------------------------------------------------------------------------------------------------------------------------------------------------------------------+
; State Machine - |EDA2|keyboard:inst22|current_state                                                                                                                                             ;
+------------------------------+---------------------------+-------------------------+-------------------------+-------------------------+-------------------------+------------------------------+
; Name                         ; current_state.KEY_PRESSED ; current_state.SCAN_COL0 ; current_state.SCAN_COL1 ; current_state.SCAN_COL2 ; current_state.SCAN_COL3 ; current_state.NO_KEY_PRESSED ;
+------------------------------+---------------------------+-------------------------+-------------------------+-------------------------+-------------------------+------------------------------+
; current_state.NO_KEY_PRESSED ; 0                         ; 0                       ; 0                       ; 0                       ; 0                       ; 0                            ;
; current_state.SCAN_COL3      ; 0                         ; 0                       ; 0                       ; 0                       ; 1                       ; 1                            ;
; current_state.SCAN_COL2      ; 0                         ; 0                       ; 0                       ; 1                       ; 0                       ; 1                            ;
; current_state.SCAN_COL1      ; 0                         ; 0                       ; 1                       ; 0                       ; 0                       ; 1                            ;
; current_state.SCAN_COL0      ; 0                         ; 1                       ; 0                       ; 0                       ; 0                       ; 1                            ;
; current_state.KEY_PRESSED    ; 1                         ; 0                       ; 0                       ; 0                       ; 0                       ; 1                            ;
+------------------------------+---------------------------+-------------------------+-------------------------+-------------------------+-------------------------+------------------------------+


+--------------------------------------------------------------------------------------------+
; Registers Removed During Synthesis                                                         ;
+----------------------------------------------+---------------------------------------------+
; Register name                                ; Reason for Removal                          ;
+----------------------------------------------+---------------------------------------------+
; keyboard:inst22|key[2,3]                     ; Stuck at VCC due to stuck port data_in      ;
; keyboard:inst22|key[1]                       ; Stuck at GND due to stuck port data_in      ;
; keyboard:inst22|key[0]                       ; Stuck at VCC due to stuck port data_in      ;
; state_machine:inst|prevkey[0]                ; Stuck at VCC due to stuck port data_in      ;
; state_machine:inst|prevkey[1]                ; Stuck at GND due to stuck port data_in      ;
; state_machine:inst|prevkey[2,3]              ; Stuck at VCC due to stuck port data_in      ;
; state_machine:inst|Money[0..6]               ; Stuck at GND due to stuck port data_in      ;
; display:inst2|count[0]                       ; Merged with state_machine:inst|count[0]     ;
; display:inst2|count[1]                       ; Merged with state_machine:inst|count[1]     ;
; display:inst2|count[2]                       ; Merged with state_machine:inst|count[2]     ;
; display:inst2|count[3]                       ; Merged with state_machine:inst|count[3]     ;
; display:inst2|count[4]                       ; Merged with state_machine:inst|count[4]     ;
; display:inst2|count[5]                       ; Merged with state_machine:inst|count[5]     ;
; display:inst2|count[6]                       ; Merged with state_machine:inst|count[6]     ;
; display:inst2|count[7]                       ; Merged with state_machine:inst|count[7]     ;
; display:inst2|count[8]                       ; Merged with state_machine:inst|count[8]     ;
; display:inst2|count[9]                       ; Merged with state_machine:inst|count[9]     ;
; display:inst2|count[10]                      ; Merged with state_machine:inst|count[10]    ;
; display:inst2|count[11]                      ; Merged with state_machine:inst|count[11]    ;
; display:inst2|count[12]                      ; Merged with state_machine:inst|count[12]    ;
; display:inst2|count[13]                      ; Merged with state_machine:inst|count[13]    ;
; display:inst2|count[14]                      ; Merged with state_machine:inst|count[14]    ;
; display:inst2|count[15]                      ; Merged with state_machine:inst|count[15]    ;
; display:inst2|count[16]                      ; Merged with state_machine:inst|count[16]    ;
; display:inst2|count[17]                      ; Merged with state_machine:inst|count[17]    ;
; keyboard:inst22|current_state.SCAN_COL0      ; Lost fanout                                 ;
; keyboard:inst22|current_state.KEY_PRESSED    ; Lost fanout                                 ;
; state_machine:inst|current_state~2           ; Lost fanout                                 ;
; state_machine:inst|current_state~3           ; Lost fanout                                 ;
; display:inst2|current_state~2                ; Lost fanout                                 ;
; display:inst2|current_state~3                ; Lost fanout                                 ;
; keyboard:inst22|current_state~2              ; Lost fanout                                 ;
; keyboard:inst22|current_state~3              ; Lost fanout                                 ;
; keyboard:inst22|current_state~4              ; Lost fanout                                 ;
; keyboard:inst22|current_state~5              ; Lost fanout                                 ;
; state_machine:inst|current_state.ONE         ; Stuck at GND due to stuck port data_in      ;
; state_machine:inst|current_state.TWO         ; Lost fanout                                 ;
; keyboard:inst22|current_state.NO_KEY_PRESSED ; Lost fanout                                 ;
; keyboard:inst22|current_state.SCAN_COL3      ; Lost fanout                                 ;
; keyboard:inst22|current_state.SCAN_COL2      ; Lost fanout                                 ;
; keyboard:inst22|current_state.SCAN_COL1      ; Lost fanout                                 ;
; state_machine:inst|current_state.CHARGE      ; Stuck at GND due to stuck port data_in      ;
; state_machine:inst|cnt[0]                    ; Stuck at GND due to stuck port clock_enable ;
; state_machine:inst|Time[0..6]                ; Stuck at GND due to stuck port data_in      ;
; state_machine:inst|cnt[1,2]                  ; Stuck at GND due to stuck port clock_enable ;
; state_machine:inst|current_state.START       ; Stuck at GND due to stuck port data_in      ;
; state_machine:inst|cnt1[0..3]                ; Stuck at GND due to stuck port clock_enable ;
; state_machine:inst|TD[5,6]                   ; Stuck at GND due to stuck port data_in      ;
; state_machine:inst|TD[3,4]                   ; Stuck at VCC due to stuck port data_in      ;
; state_machine:inst|TD[0..2]                  ; Stuck at GND due to stuck port data_in      ;
; state_machine:inst|current_state.INITIAL     ; Stuck at GND due to stuck port data_in      ;
; state_machine:inst|count[18,19]              ; Lost fanout                                 ;
; Total Number of Removed Registers = 75       ;                                             ;
+----------------------------------------------+---------------------------------------------+


+-------------------------------------------------------------------------------------------------------------------------------------------------------------------+
; Removed Registers Triggering Further Register Optimizations                                                                                                       ;
+-------------------------------------------+--------------------------------+--------------------------------------------------------------------------------------+
; Register name                             ; Reason for Removal             ; Registers Removed due to This Register                                               ;
+-------------------------------------------+--------------------------------+--------------------------------------------------------------------------------------+
; keyboard:inst22|key[3]                    ; Stuck at VCC                   ; state_machine:inst|Money[0], state_machine:inst|Money[1],                            ;
;                                           ; due to stuck port data_in      ; state_machine:inst|Money[2], state_machine:inst|Money[3],                            ;
;                                           ;                                ; state_machine:inst|Money[4], state_machine:inst|Money[5],                            ;
;                                           ;                                ; state_machine:inst|Money[6], state_machine:inst|Time[6], state_machine:inst|Time[5], ;
;                                           ;                                ; state_machine:inst|Time[4], state_machine:inst|Time[3], state_machine:inst|Time[2],  ;
;                                           ;                                ; state_machine:inst|Time[1]                                                           ;
; state_machine:inst|cnt1[3]                ; Stuck at GND                   ; state_machine:inst|TD[6], state_machine:inst|TD[5], state_machine:inst|TD[4],        ;
;                                           ; due to stuck port clock_enable ; state_machine:inst|TD[3], state_machine:inst|TD[2], state_machine:inst|TD[1],        ;
;                                           ;                                ; state_machine:inst|TD[0]                                                             ;
; state_machine:inst|current_state.CHARGE   ; Stuck at GND                   ; state_machine:inst|Time[0], state_machine:inst|current_state.START,                  ;
;                                           ; due to stuck port data_in      ; state_machine:inst|current_state.INITIAL                                             ;
; state_machine:inst|prevkey[0]             ; Stuck at VCC                   ; state_machine:inst|count[19]                                                         ;
;                                           ; due to stuck port data_in      ;                                                                                      ;
; keyboard:inst22|current_state.SCAN_COL0   ; Lost Fanouts                   ; keyboard:inst22|current_state.SCAN_COL1                                              ;
; keyboard:inst22|current_state.KEY_PRESSED ; Lost Fanouts                   ; keyboard:inst22|current_state.NO_KEY_PRESSED                                         ;
; state_machine:inst|current_state~2        ; Lost Fanouts                   ; state_machine:inst|current_state.TWO                                                 ;
; keyboard:inst22|current_state~2           ; Lost Fanouts                   ; keyboard:inst22|current_state.SCAN_COL2                                              ;
; keyboard:inst22|current_state~3           ; Lost Fanouts                   ; keyboard:inst22|current_state.SCAN_COL3                                              ;
+-------------------------------------------+--------------------------------+--------------------------------------------------------------------------------------+


+------------------------------------------------------+
; General Register Statistics                          ;
+----------------------------------------------+-------+
; Statistic                                    ; Value ;
+----------------------------------------------+-------+
; Total registers                              ; 22    ;
; Number of registers using Synchronous Clear  ; 0     ;
; Number of registers using Synchronous Load   ; 0     ;
; Number of registers using Asynchronous Clear ; 0     ;
; Number of registers using Asynchronous Load  ; 0     ;
; Number of registers using Clock Enable       ; 0     ;
; Number of registers using Preset             ; 0     ;
+----------------------------------------------+-------+


+------------------------------------------------------------------------------------------------------------------------------------------------+
; Multiplexer Restructuring Statistics (Restructuring Performed)                                                                                 ;
+--------------------+-----------+---------------+----------------------+------------------------+------------+----------------------------------+
; Multiplexer Inputs ; Bus Width ; Baseline Area ; Area if Restructured ; Saving if Restructured ; Registered ; Example Multiplexer Output       ;
+--------------------+-----------+---------------+----------------------+------------------------+------------+----------------------------------+
; 3:1                ; 7 bits    ; 14 LEs        ; 7 LEs                ; 7 LEs                  ; Yes        ; |EDA2|state_machine:inst|Time[6] ;
; 3:1                ; 7 bits    ; 14 LEs        ; 7 LEs                ; 7 LEs                  ; Yes        ; |EDA2|state_machine:inst|TD[6]   ;
; 4:1                ; 3 bits    ; 6 LEs         ; 6 LEs                ; 0 LEs                  ; No         ; |EDA2|display:inst2|Selector0    ;
+--------------------+-----------+---------------+----------------------+------------------------+------------+----------------------------------+


+--------------------------------------------------------------+
; Parameter Settings for User Entity Instance: keyboard:inst22 ;
+----------------+-------+-------------------------------------+
; Parameter Name ; Value ; Type                                ;
+----------------+-------+-------------------------------------+
; NO_KEY_PRESSED ; 0     ; Signed Integer                      ;
; SCAN_COL3      ; 1     ; Signed Integer                      ;
; SCAN_COL2      ; 2     ; Signed Integer                      ;
; SCAN_COL1      ; 3     ; Signed Integer                      ;
; SCAN_COL0      ; 4     ; Signed Integer                      ;
; KEY_PRESSED    ; 5     ; Signed Integer                      ;
+----------------+-------+-------------------------------------+
Note: In order to hide this table in the UI and the text report file, please set the "Show Parameter Settings in Synthesis Report" option in "Analysis and Synthesis Settings -> More Settings" to "Off".


+------------------------------------------------------------+
; Parameter Settings for User Entity Instance: display:inst2 ;
+----------------+-------+-----------------------------------+
; Parameter Name ; Value ; Type                              ;
+----------------+-------+-----------------------------------+
; DISP3          ; 3     ; Signed Integer                    ;
; DISP2          ; 2     ; Signed Integer                    ;
; DISP1          ; 1     ; Signed Integer                    ;
; DISP0          ; 0     ; Signed Integer                    ;
+----------------+-------+-----------------------------------+
Note: In order to hide this table in the UI and the text report file, please set the "Show Parameter Settings in Synthesis Report" option in "Analysis and Synthesis Settings -> More Settings" to "Off".


+-----------------------------------------------------------------+
; Parameter Settings for User Entity Instance: state_machine:inst ;
+----------------+-------+----------------------------------------+
; Parameter Name ; Value ; Type                                   ;
+----------------+-------+----------------------------------------+
; INITIAL        ; 0     ; Signed Integer                         ;
; START          ; 1     ; Signed Integer                         ;
; ONE            ; 2     ; Signed Integer                         ;
; TWO            ; 3     ; Signed Integer                         ;
; CHARGE         ; 4     ; Signed Integer                         ;
+----------------+-------+----------------------------------------+
Note: In order to hide this table in the UI and the text report file, please set the "Show Parameter Settings in Synthesis Report" option in "Analysis and Synthesis Settings -> More Settings" to "Off".


+-------------------------------+
; Elapsed Time Per Partition    ;
+----------------+--------------+
; Partition Name ; Elapsed Time ;
+----------------+--------------+
; Top            ; 00:00:00     ;
+----------------+--------------+


+-------------------------------+
; Analysis & Synthesis Messages ;
+-------------------------------+
Info: *******************************************************************
Info: Running Quartus II 64-Bit Analysis & Synthesis
    Info: Version 13.0.0 Build 156 04/24/2013 SJ Full Version
    Info: Processing started: Sun Dec 31 16:12:06 2017
Info: Command: quartus_map --read_settings_files=on --write_settings_files=off EDA2 -c EDA2
Info (11104): Parallel Compilation has detected 8 hyper-threaded processors. However, the extra hyper-threaded processors will not be used by default. Parallel Compilation will use 4 of the 4 physical processors detected instead.
Info (12021): Found 1 design units, including 1 entities, in source file eda2.bdf
    Info (12023): Found entity 1: EDA2
Info (12021): Found 1 design units, including 1 entities, in source file keyboard.v
    Info (12023): Found entity 1: keyboard
Info (12021): Found 1 design units, including 1 entities, in source file state_machine.v
    Info (12023): Found entity 1: state_machine
Info (12021): Found 1 design units, including 1 entities, in source file display.v
    Info (12023): Found entity 1: display
Info (12021): Found 1 design units, including 1 entities, in source file keyboard_tb.v
    Info (12023): Found entity 1: keyboard_tb
Info (12021): Found 1 design units, including 1 entities, in source file eda2_tb.v
    Info (12023): Found entity 1: EDA2_tb
Info (12021): Found 1 design units, including 1 entities, in source file display_tb.v
    Info (12023): Found entity 1: display_tb
Info (12127): Elaborating entity "EDA2" for the top level hierarchy
Info (12128): Elaborating entity "keyboard" for hierarchy "keyboard:inst22"
Warning (10030): Net "C" at keyboard.v(4) has no driver or initial value, using a default initial value '0'
Info (12128): Elaborating entity "display" for hierarchy "display:inst2"
Warning (10235): Verilog HDL Always Construct warning at display.v(39): variable "dig3" is read inside the Always Construct but isn't in the Always Construct's Event Control
Warning (10235): Verilog HDL Always Construct warning at display.v(40): variable "dig2" is read inside the Always Construct but isn't in the Always Construct's Event Control
Warning (10235): Verilog HDL Always Construct warning at display.v(41): variable "dig1" is read inside the Always Construct but isn't in the Always Construct's Event Control
Warning (10235): Verilog HDL Always Construct warning at display.v(42): variable "dig0" is read inside the Always Construct but isn't in the Always Construct's Event Control
Info (12128): Elaborating entity "state_machine" for hierarchy "state_machine:inst"
Warning (10230): Verilog HDL assignment warning at state_machine.v(22): truncated value with size 32 to match size of target (4)
Warning (10230): Verilog HDL assignment warning at state_machine.v(23): truncated value with size 32 to match size of target (4)
Warning (10230): Verilog HDL assignment warning at state_machine.v(35): truncated value with size 32 to match size of target (4)
Warning (10230): Verilog HDL assignment warning at state_machine.v(36): truncated value with size 32 to match size of target (4)
Warning (10235): Verilog HDL Always Construct warning at state_machine.v(56): variable "TD" is read inside the Always Construct but isn't in the Always Construct's Event Control
Warning (10235): Verilog HDL Always Construct warning at state_machine.v(76): variable "T1" is read inside the Always Construct but isn't in the Always Construct's Event Control
Warning (10235): Verilog HDL Always Construct warning at state_machine.v(76): variable "T0" is read inside the Always Construct but isn't in the Always Construct's Event Control
Warning (10230): Verilog HDL assignment warning at state_machine.v(97): truncated value with size 32 to match size of target (7)
Info (10264): Verilog HDL Case Statement information at state_machine.v(87): all case item expressions in this case statement are onehot
Warning (10230): Verilog HDL assignment warning at state_machine.v(117): truncated value with size 32 to match size of target (7)
Warning (10230): Verilog HDL assignment warning at state_machine.v(131): truncated value with size 32 to match size of target (7)
Warning (13024): Output pins are stuck at VCC or GND
    Warning (13410): Pin "C[3]" is stuck at GND
    Warning (13410): Pin "C[2]" is stuck at GND
    Warning (13410): Pin "C[1]" is stuck at GND
    Warning (13410): Pin "C[0]" is stuck at GND
    Warning (13410): Pin "disp[6]" is stuck at GND
    Warning (13410): Pin "disp[5]" is stuck at GND
    Warning (13410): Pin "disp[4]" is stuck at GND
    Warning (13410): Pin "disp[3]" is stuck at GND
    Warning (13410): Pin "disp[2]" is stuck at GND
    Warning (13410): Pin "disp[1]" is stuck at GND
    Warning (13410): Pin "disp[0]" is stuck at GND
Info (17049): 17 registers lost all their fanouts during netlist optimizations.
Info (16010): Generating hard_block partition "hard_block:auto_generated_inst"
    Info (16011): Adding 0 node(s), including 0 DDIO, 0 PLL, 0 transceiver and 0 LCELL
Warning (21074): Design contains 4 input pin(s) that do not drive logic
    Warning (15610): No output dependent on input pin "R[3]"
    Warning (15610): No output dependent on input pin "R[2]"
    Warning (15610): No output dependent on input pin "R[1]"
    Warning (15610): No output dependent on input pin "R[0]"
Info (21057): Implemented 42 device resources after synthesis - the final resource count might be different
    Info (21058): Implemented 5 input pins
    Info (21059): Implemented 15 output pins
    Info (21061): Implemented 22 logic cells
Info: Quartus II 64-Bit Analysis & Synthesis was successful. 0 errors, 32 warnings
    Info: Peak virtual memory: 488 megabytes
    Info: Processing ended: Sun Dec 31 16:12:07 2017
    Info: Elapsed time: 00:00:01
    Info: Total CPU time (on all processors): 00:00:01


